app/build/intermediates/manifest_merge_blame_file/debug/processDebugMainManifest/manifest-merger-blame-debug-report.txt
1<?xml version="1.0" encoding="utf-8"?>
2<manifest xmlns:android="http://schemas.android.com/apk/res/android"
3    package="com.pfp.pride"
4    android:versionCode="1"
5    android:versionName="1.0.0" >
6
7    <uses-sdk
8        android:minSdkVersion="24"
9        android:targetSdkVersion="36" />
10
11    <uses-permission android:name="android.permission.INTERNET" />
11-->src\main\AndroidManifest.xml:5:5-67
11-->src\main\AndroidManifest.xml:5:22-64
12    <uses-permission android:name="android.permission.POST_NOTIFICATIONS" />
12-->src\main\AndroidManifest.xml:6:5-77
12-->src\main\AndroidManifest.xml:6:22-74
13    <uses-permission android:name="com.google.android.gms.permission.AD_ID" />
13-->src\main\AndroidManifest.xml:7:5-79
13-->src\main\AndroidManifest.xml:7:22-76
14    <uses-permission android:name="android.permission.READ_EXTERNAL_STORAGE" />
14-->src\main\AndroidManifest.xml:8:5-80
14-->src\main\AndroidManifest.xml:8:22-77
15    <uses-permission
15-->src\main\AndroidManifest.xml:9:5-12:40
16        android:name="android.permission.WRITE_EXTERNAL_STORAGE"
16-->src\main\AndroidManifest.xml:10:9-65
17        android:maxSdkVersion="32" />
17-->src\main\AndroidManifest.xml:11:9-35
18    <uses-permission android:name="android.permission.ACCESS_NETWORK_STATE" />
18-->[com.github.LVTapp:AdsLibrary:1.5.5] AndroidManifest.xml:9:5-79
18-->[com.github.LVTapp:AdsLibrary:1.5.5] AndroidManifest.xml:9:22-76
19    <uses-permission android:name="android.permission.WAKE_LOCK" />
19-->[com.github.LVTapp:AdsLibrary:1.5.5] AndroidManifest.xml:10:5-68
19-->[com.github.LVTapp:AdsLibrary:1.5.5] AndroidManifest.xml:10:22-65
20
21    <queries>
21-->[com.facebook.android:facebook-common:18.0.3] AndroidManifest.xml:15:5-17:15
22        <package android:name="com.facebook.katana" />
22-->[com.facebook.android:facebook-common:18.0.3] AndroidManifest.xml:16:9-55
22-->[com.facebook.android:facebook-common:18.0.3] AndroidManifest.xml:16:18-52
23        <!-- For browser content -->
24        <intent>
24-->[com.google.android.gms:play-services-ads-api:24.8.0] AndroidManifest.xml:38:9-44:18
25            <action android:name="android.intent.action.VIEW" />
25-->[com.facebook.android:facebook-common:18.0.3] AndroidManifest.xml:30:17-69
25-->[com.facebook.android:facebook-common:18.0.3] AndroidManifest.xml:30:25-66
26
27            <category android:name="android.intent.category.BROWSABLE" />
27-->[com.facebook.android:facebook-common:18.0.3] AndroidManifest.xml:33:17-78
27-->[com.facebook.android:facebook-common:18.0.3] AndroidManifest.xml:33:27-75
28
29            <data android:scheme="https" />
29-->[com.facebook.android:facebook-common:18.0.3] AndroidManifest.xml:35:17-37:50
29-->[com.facebook.android:facebook-common:18.0.3] AndroidManifest.xml:37:21-47
30        </intent> <!-- End of browser content -->
31        <!-- For CustomTabsService -->
32        <intent>
32-->[com.google.android.gms:play-services-ads-api:24.8.0] AndroidManifest.xml:47:9-49:18
33            <action android:name="android.support.customtabs.action.CustomTabsService" />
33-->[com.google.android.gms:play-services-ads-api:24.8.0] AndroidManifest.xml:48:13-90
33-->[com.google.android.gms:play-services-ads-api:24.8.0] AndroidManifest.xml:48:21-87
34        </intent> <!-- End of CustomTabsService -->
35        <!-- For MRAID capabilities -->
36        <intent>
36-->[com.google.android.gms:play-services-ads-api:24.8.0] AndroidManifest.xml:52:9-56:18
37            <action android:name="android.intent.action.INSERT" />
37-->[com.google.android.gms:play-services-ads-api:24.8.0] AndroidManifest.xml:53:13-67
37-->[com.google.android.gms:play-services-ads-api:24.8.0] AndroidManifest.xml:53:21-64
38
39            <data android:mimeType="vnd.android.cursor.dir/event" />
39-->[com.facebook.android:facebook-common:18.0.3] AndroidManifest.xml:35:17-37:50
40        </intent>
41        <intent>
41-->[com.google.android.gms:play-services-ads-api:24.8.0] AndroidManifest.xml:57:9-61:18
42            <action android:name="android.intent.action.VIEW" />
42-->[com.facebook.android:facebook-common:18.0.3] AndroidManifest.xml:30:17-69
42-->[com.facebook.android:facebook-common:18.0.3] AndroidManifest.xml:30:25-66
43
44            <data android:scheme="sms" />
44-->[com.facebook.android:facebook-common:18.0.3] AndroidManifest.xml:35:17-37:50
44-->[com.facebook.android:facebook-common:18.0.3] AndroidManifest.xml:37:21-47
45        </intent>
46        <intent>
46-->[com.google.android.gms:play-services-ads-api:24.8.0] AndroidManifest.xml:62:9-66:18
47            <action android:name="android.intent.action.DIAL" />
47-->[com.google.android.gms:play-services-ads-api:24.8.0] AndroidManifest.xml:63:13-65
47-->[com.google.android.gms:play-services-ads-api:24.8.0] AndroidManifest.xml:63:21-62
48
49            <data android:path="tel:" />
49-->[com.facebook.android:facebook-common:18.0.3] AndroidManifest.xml:35:17-37:50
50        </intent>
51        <intent>
51-->[com.unity3d.ads:unity-ads:4.16.4] AndroidManifest.xml:9:9-11:18
52            <action android:name="com.attribution.REFERRAL_PROVIDER" />
52-->[com.unity3d.ads:unity-ads:4.16.4] AndroidManifest.xml:10:13-72
52-->[com.unity3d.ads:unity-ads:4.16.4] AndroidManifest.xml:10:21-69
53        </intent>
54        <intent>
54-->[com.mbridge.msdk.oversea:mbridge_android_sdk:17.0.31] AndroidManifest.xml:12:9-14:18
55            <action android:name="android.intent.action.MAIN" />
55-->src\main\AndroidManifest.xml:78:17-69
55-->src\main\AndroidManifest.xml:78:25-66
56        </intent>
57        <intent>
57-->[com.mbridge.msdk.oversea:mbridge_android_sdk:17.0.31] AndroidManifest.xml:15:9-17:18
58            <action android:name="android.intent.action.VIEW" />
58-->[com.facebook.android:facebook-common:18.0.3] AndroidManifest.xml:30:17-69
58-->[com.facebook.android:facebook-common:18.0.3] AndroidManifest.xml:30:25-66
59        </intent>
60    </queries> <!-- Required by older versions of Google Play services to create IID tokens -->
61    <uses-permission android:name="com.google.android.c2dm.permission.RECEIVE" />
61-->[com.google.firebase:firebase-messaging:24.1.2] AndroidManifest.xml:26:5-82
61-->[com.google.firebase:firebase-messaging:24.1.2] AndroidManifest.xml:26:22-79
62    <uses-permission android:name="android.permission.ACCESS_ADSERVICES_AD_ID" />
62-->[com.google.android.gms:play-services-ads-api:24.8.0] AndroidManifest.xml:27:5-82
62-->[com.google.android.gms:play-services-ads-api:24.8.0] AndroidManifest.xml:27:22-79
63    <uses-permission android:name="android.permission.ACCESS_ADSERVICES_ATTRIBUTION" />
63-->[com.google.android.gms:play-services-ads-api:24.8.0] AndroidManifest.xml:28:5-88
63-->[com.google.android.gms:play-services-ads-api:24.8.0] AndroidManifest.xml:28:22-85
64    <uses-permission android:name="android.permission.ACCESS_ADSERVICES_TOPICS" />
64-->[com.google.android.gms:play-services-ads-api:24.8.0] AndroidManifest.xml:29:5-83
64-->[com.google.android.gms:play-services-ads-api:24.8.0] AndroidManifest.xml:29:22-80
65    <uses-permission android:name="android.permission.VIBRATE" />
65-->[com.applovin:applovin-sdk:13.5.1] AndroidManifest.xml:15:5-66
65-->[com.applovin:applovin-sdk:13.5.1] AndroidManifest.xml:15:22-63
66    <uses-permission android:name="com.android.vending.CHECK_LICENSE" /> <!-- Permissions required by Open Measurement SDK -->
66-->[com.applovin:applovin-sdk:13.5.1] AndroidManifest.xml:17:5-73
66-->[com.applovin:applovin-sdk:13.5.1] AndroidManifest.xml:17:22-70
67    <uses-permission android:name="android.permission.ACCESS_WIFI_STATE" />
67-->[com.applovin:applovin-sdk:13.5.1] AndroidManifest.xml:20:5-76
67-->[com.applovin:applovin-sdk:13.5.1] AndroidManifest.xml:20:22-73
68    <uses-permission android:name="com.google.android.finsky.permission.BIND_GET_INSTALL_REFERRER_SERVICE" />
68-->[com.google.android.gms:play-services-measurement:22.5.0] AndroidManifest.xml:26:5-110
68-->[com.google.android.gms:play-services-measurement:22.5.0] AndroidManifest.xml:26:22-107
69    <uses-permission android:name="android.permission.FOREGROUND_SERVICE" />
69-->[androidx.work:work-runtime:2.11.0] AndroidManifest.xml:26:5-77
69-->[androidx.work:work-runtime:2.11.0] AndroidManifest.xml:26:22-74
70    <uses-permission android:name="android.permission.ACCESS_ADSERVICES_CUSTOM_AUDIENCE" />
70-->[com.facebook.android:facebook-core:18.0.3] AndroidManifest.xml:18:5-92
70-->[com.facebook.android:facebook-core:18.0.3] AndroidManifest.xml:18:22-89
71
72    <permission
72-->[androidx.core:core:1.17.0] AndroidManifest.xml:22:5-24:47
73        android:name="com.pfp.pride.DYNAMIC_RECEIVER_NOT_EXPORTED_PERMISSION"
73-->[androidx.core:core:1.17.0] AndroidManifest.xml:23:9-81
74        android:protectionLevel="signature" />
74-->[androidx.core:core:1.17.0] AndroidManifest.xml:24:9-44
75
76    <uses-permission android:name="com.pfp.pride.DYNAMIC_RECEIVER_NOT_EXPORTED_PERMISSION" />
76-->[androidx.core:core:1.17.0] AndroidManifest.xml:26:5-97
76-->[androidx.core:core:1.17.0] AndroidManifest.xml:26:22-94
77
78    <application
78-->src\main\AndroidManifest.xml:14:5-140:19
79        android:name="com.pfp.pride.core.utils.App"
79-->src\main\AndroidManifest.xml:15:9-39
80        android:allowBackup="true"
80-->src\main\AndroidManifest.xml:16:9-35
81        android:appComponentFactory="androidx.core.app.CoreComponentFactory"
81-->[androidx.core:core:1.17.0] AndroidManifest.xml:28:18-86
82        android:dataExtractionRules="@xml/data_extraction_rules"
82-->src\main\AndroidManifest.xml:17:9-65
83        android:debuggable="true"
84        android:extractNativeLibs="false"
85        android:fullBackupContent="@xml/backup_rules"
85-->src\main\AndroidManifest.xml:18:9-54
86        android:icon="@mipmap/ic_launcher"
86-->src\main\AndroidManifest.xml:19:9-43
87        android:label="@string/app_name"
87-->src\main\AndroidManifest.xml:20:9-41
88        android:roundIcon="@mipmap/ic_launcher_round"
88-->src\main\AndroidManifest.xml:21:9-54
89        android:supportsRtl="true"
89-->src\main\AndroidManifest.xml:22:9-35
90        android:testOnly="true"
91        android:theme="@style/Theme.BaseProject" >
91-->src\main\AndroidManifest.xml:23:9-49
92        <activity
92-->src\main\AndroidManifest.xml:34:9-39:15
93            android:name="com.pfp.pride.ui.add_character.AddCharacterActivity"
93-->src\main\AndroidManifest.xml:35:13-66
94            android:exported="true"
94-->src\main\AndroidManifest.xml:36:13-36
95            android:screenOrientation="portrait"
95-->src\main\AndroidManifest.xml:37:13-49
96            android:windowSoftInputMode="adjustResize" />
96-->src\main\AndroidManifest.xml:38:13-55
97        <activity
97-->src\main\AndroidManifest.xml:41:9-44:52
98            android:name="com.pfp.pride.ui.random_character.RandomCharacterActivity"
98-->src\main\AndroidManifest.xml:42:13-72
99            android:exported="false"
99-->src\main\AndroidManifest.xml:43:13-37
100            android:screenOrientation="portrait" />
100-->src\main\AndroidManifest.xml:44:13-49
101        <activity
101-->src\main\AndroidManifest.xml:46:9-49:52
102            android:name="com.pfp.pride.ui.choose_character.ChooseCharacterActivity"
102-->src\main\AndroidManifest.xml:47:13-72
103            android:exported="false"
103-->src\main\AndroidManifest.xml:48:13-37
104            android:screenOrientation="portrait" />
104-->src\main\AndroidManifest.xml:49:13-49
105        <activity
105-->src\main\AndroidManifest.xml:51:9-55:52
106            android:name="com.pfp.pride.ui.customize.CustomizeCharacterActivity"
106-->src\main\AndroidManifest.xml:52:13-68
107            android:exported="false"
107-->src\main\AndroidManifest.xml:53:13-37
108            android:hardwareAccelerated="true"
108-->src\main\AndroidManifest.xml:54:13-47
109            android:screenOrientation="portrait" />
109-->src\main\AndroidManifest.xml:55:13-49
110        <activity
110-->src\main\AndroidManifest.xml:57:9-60:52
111            android:name="com.pfp.pride.ui.view.ViewActivity"
111-->src\main\AndroidManifest.xml:58:13-49
112            android:exported="false"
112-->src\main\AndroidManifest.xml:59:13-37
113            android:screenOrientation="portrait" />
113-->src\main\AndroidManifest.xml:60:13-49
114        <activity
114-->src\main\AndroidManifest.xml:62:9-65:52
115            android:name="com.pfp.pride.ui.success.SuccessActivity"
115-->src\main\AndroidManifest.xml:63:13-55
116            android:exported="false"
116-->src\main\AndroidManifest.xml:64:13-37
117            android:screenOrientation="portrait" />
117-->src\main\AndroidManifest.xml:65:13-49
118        <activity
118-->src\main\AndroidManifest.xml:67:9-70:52
119            android:name="com.pfp.pride.ui.my_creation.MyCreationActivity"
119-->src\main\AndroidManifest.xml:68:13-62
120            android:exported="false"
120-->src\main\AndroidManifest.xml:69:13-37
121            android:screenOrientation="portrait" />
121-->src\main\AndroidManifest.xml:70:13-49
122        <activity
122-->src\main\AndroidManifest.xml:72:9-83:20
123            android:name="com.pfp.pride.ui.splash.SplashActivity"
123-->src\main\AndroidManifest.xml:73:13-53
124            android:exported="true"
124-->src\main\AndroidManifest.xml:74:13-36
125            android:screenOrientation="portrait" >
125-->src\main\AndroidManifest.xml:75:13-49
126            <intent-filter>
126-->src\main\AndroidManifest.xml:77:13-81:29
127                <action android:name="android.intent.action.MAIN" />
127-->src\main\AndroidManifest.xml:78:17-69
127-->src\main\AndroidManifest.xml:78:25-66
128
129                <category android:name="android.intent.category.LAUNCHER" />
129-->src\main\AndroidManifest.xml:80:17-77
129-->src\main\AndroidManifest.xml:80:27-74
130            </intent-filter>
131        </activity>
132        <activity
132-->src\main\AndroidManifest.xml:85:9-88:52
133            android:name="com.pfp.pride.ui.permission.PermissionActivity"
133-->src\main\AndroidManifest.xml:86:13-61
134            android:exported="false"
134-->src\main\AndroidManifest.xml:87:13-37
135            android:screenOrientation="portrait" />
135-->src\main\AndroidManifest.xml:88:13-49
136        <activity
136-->src\main\AndroidManifest.xml:90:9-93:52
137            android:name="com.pfp.pride.ui.intro.IntroActivity"
137-->src\main\AndroidManifest.xml:91:13-51
138            android:exported="false"
138-->src\main\AndroidManifest.xml:92:13-37
139            android:screenOrientation="portrait" />
139-->src\main\AndroidManifest.xml:93:13-49
140        <activity
140-->src\main\AndroidManifest.xml:95:9-98:52
141            android:name="com.pfp.pride.ui.language.LanguageActivity"
141-->src\main\AndroidManifest.xml:96:13-57
142            android:exported="false"
142-->src\main\AndroidManifest.xml:97:13-37
143            android:screenOrientation="portrait" />
143-->src\main\AndroidManifest.xml:98:13-49
144        <activity
144-->src\main\AndroidManifest.xml:100:9-103:52
145            android:name="com.pfp.pride.ui.home.HomeActivity"
145-->src\main\AndroidManifest.xml:101:13-49
146            android:exported="true"
146-->src\main\AndroidManifest.xml:102:13-36
147            android:screenOrientation="portrait" />
147-->src\main\AndroidManifest.xml:103:13-49
148        <activity
148-->src\main\AndroidManifest.xml:105:9-108:52
149            android:name="com.pfp.pride.ui.SettingsActivity"
149-->src\main\AndroidManifest.xml:106:13-48
150            android:exported="false"
150-->src\main\AndroidManifest.xml:107:13-37
151            android:screenOrientation="portrait" />
151-->src\main\AndroidManifest.xml:108:13-49
152
153        <provider
154            android:name="androidx.core.content.FileProvider"
154-->src\main\AndroidManifest.xml:112:13-62
155            android:authorities="com.pfp.pride.provider"
155-->src\main\AndroidManifest.xml:113:13-60
156            android:exported="false"
156-->src\main\AndroidManifest.xml:114:13-37
157            android:grantUriPermissions="true" >
157-->src\main\AndroidManifest.xml:115:13-47
158            <meta-data
158-->src\main\AndroidManifest.xml:116:13-118:54
159                android:name="android.support.FILE_PROVIDER_PATHS"
159-->src\main\AndroidManifest.xml:117:17-67
160                android:resource="@xml/file_paths" />
160-->src\main\AndroidManifest.xml:118:17-51
161        </provider>
162        <provider
162-->src\main\AndroidManifest.xml:121:9-126:66
163            android:name="com.pfp.pride.core.utils.share.whatsapp.StickerContentProvider"
163-->src\main\AndroidManifest.xml:122:13-77
164            android:authorities="com.pfp.pride.core.utils.share.whatsapp.StickerContentProvider"
164-->src\main\AndroidManifest.xml:123:13-97
165            android:enabled="true"
165-->src\main\AndroidManifest.xml:124:13-35
166            android:exported="true"
166-->src\main\AndroidManifest.xml:125:13-36
167            android:readPermission="com.whatsapp.sticker.READ" />
167-->src\main\AndroidManifest.xml:126:13-63
168
169        <service
169-->src\main\AndroidManifest.xml:128:9-138:19
170            android:name="com.pfp.pride.core.service.MyFirebaseMessagingService"
170-->src\main\AndroidManifest.xml:129:13-68
171            android:exported="false" >
171-->src\main\AndroidManifest.xml:130:13-37
172            <intent-filter>
172-->src\main\AndroidManifest.xml:131:13-137:29
173                <action android:name="com.google.firebase.MESSAGING_EVENT" />
173-->src\main\AndroidManifest.xml:132:17-78
173-->src\main\AndroidManifest.xml:132:25-75
174                <action android:name="android.intent.action.PICK" />
174-->src\main\AndroidManifest.xml:133:17-69
174-->src\main\AndroidManifest.xml:133:25-66
175
176                <category android:name="android.intent.category.DEFAULT" />
176-->src\main\AndroidManifest.xml:135:17-76
176-->src\main\AndroidManifest.xml:135:27-73
177                <category android:name="android.intent.category.OPENABLE" />
177-->src\main\AndroidManifest.xml:136:17-77
177-->src\main\AndroidManifest.xml:136:27-74
178            </intent-filter>
179        </service>
180
181        <activity
181-->[com.facebook.android:facebook-common:18.0.3] AndroidManifest.xml:20:9-23:66
182            android:name="com.facebook.FacebookActivity"
182-->[com.facebook.android:facebook-common:18.0.3] AndroidManifest.xml:21:13-57
183            android:configChanges="keyboard|keyboardHidden|screenLayout|screenSize|orientation"
183-->[com.facebook.android:facebook-common:18.0.3] AndroidManifest.xml:22:13-96
184            android:theme="@style/com_facebook_activity_theme" />
184-->[com.facebook.android:facebook-common:18.0.3] AndroidManifest.xml:23:13-63
185        <activity android:name="com.facebook.CustomTabMainActivity" />
185-->[com.facebook.android:facebook-common:18.0.3] AndroidManifest.xml:24:9-71
185-->[com.facebook.android:facebook-common:18.0.3] AndroidManifest.xml:24:19-68
186        <activity
186-->[com.facebook.android:facebook-common:18.0.3] AndroidManifest.xml:25:9-39:20
187            android:name="com.facebook.CustomTabActivity"
187-->[com.facebook.android:facebook-common:18.0.3] AndroidManifest.xml:26:13-58
188            android:exported="true" >
188-->[com.facebook.android:facebook-common:18.0.3] AndroidManifest.xml:27:13-36
189            <intent-filter>
189-->[com.facebook.android:facebook-common:18.0.3] AndroidManifest.xml:29:13-38:29
190                <action android:name="android.intent.action.VIEW" />
190-->[com.facebook.android:facebook-common:18.0.3] AndroidManifest.xml:30:17-69
190-->[com.facebook.android:facebook-common:18.0.3] AndroidManifest.xml:30:25-66
191
192                <category android:name="android.intent.category.DEFAULT" />
192-->src\main\AndroidManifest.xml:135:17-76
192-->src\main\AndroidManifest.xml:135:27-73
193                <category android:name="android.intent.category.BROWSABLE" />
193-->[com.facebook.android:facebook-common:18.0.3] AndroidManifest.xml:33:17-78
193-->[com.facebook.android:facebook-common:18.0.3] AndroidManifest.xml:33:27-75
194
195                <data
195-->[com.facebook.android:facebook-common:18.0.3] AndroidManifest.xml:35:17-37:50
196                    android:host="cct.com.pfp.pride"
196-->[com.facebook.android:facebook-common:18.0.3] AndroidManifest.xml:36:21-56
197                    android:scheme="fbconnect" />
197-->[com.facebook.android:facebook-common:18.0.3] AndroidManifest.xml:37:21-47
198            </intent-filter>
199        </activity>
200        <activity
200-->[com.google.ads.mediation:ironsource:9.1.0.0] AndroidManifest.xml:8:9-12:50
201            android:name="com.ironsource.sdk.controller.ControllerActivity"
201-->[com.google.ads.mediation:ironsource:9.1.0.0] AndroidManifest.xml:9:13-76
202            android:configChanges="orientation|screenSize"
202-->[com.google.ads.mediation:ironsource:9.1.0.0] AndroidManifest.xml:10:13-59
203            android:exported="false"
203-->[com.google.ads.mediation:ironsource:9.1.0.0] AndroidManifest.xml:11:13-37
204            android:hardwareAccelerated="true"
204-->[com.google.ads.mediation:ironsource:9.1.0.0] AndroidManifest.xml:12:13-47
205            android:theme="@android:style/Theme.NoTitleBar" />
205-->[com.unity3d.ads-mediation:mediation-sdk:9.1.0] AndroidManifest.xml:16:13-60
206        <activity
206-->[com.google.ads.mediation:ironsource:9.1.0.0] AndroidManifest.xml:13:9-18:75
207            android:name="com.ironsource.sdk.controller.InterstitialActivity"
207-->[com.google.ads.mediation:ironsource:9.1.0.0] AndroidManifest.xml:14:13-78
208            android:configChanges="orientation|screenSize"
208-->[com.google.ads.mediation:ironsource:9.1.0.0] AndroidManifest.xml:15:13-59
209            android:exported="false"
209-->[com.google.ads.mediation:ironsource:9.1.0.0] AndroidManifest.xml:16:13-37
210            android:hardwareAccelerated="true"
210-->[com.google.ads.mediation:ironsource:9.1.0.0] AndroidManifest.xml:17:13-47
211            android:theme="@android:style/Theme.Translucent.NoTitleBar" />
211-->[com.google.ads.mediation:ironsource:9.1.0.0] AndroidManifest.xml:18:13-72
212        <activity
212-->[com.google.ads.mediation:ironsource:9.1.0.0] AndroidManifest.xml:19:9-24:75
213            android:name="com.ironsource.sdk.controller.OpenUrlActivity"
213-->[com.google.ads.mediation:ironsource:9.1.0.0] AndroidManifest.xml:20:13-73
214            android:configChanges="orientation|screenSize"
214-->[com.google.ads.mediation:ironsource:9.1.0.0] AndroidManifest.xml:21:13-59
215            android:exported="false"
215-->[com.google.ads.mediation:ironsource:9.1.0.0] AndroidManifest.xml:22:13-37
216            android:hardwareAccelerated="true"
216-->[com.google.ads.mediation:ironsource:9.1.0.0] AndroidManifest.xml:23:13-47
217            android:theme="@android:style/Theme.Translucent.NoTitleBar" />
217-->[com.google.ads.mediation:ironsource:9.1.0.0] AndroidManifest.xml:24:13-72
218
219        <receiver
219-->[com.google.firebase:firebase-messaging:24.1.2] AndroidManifest.xml:29:9-40:20
220            android:name="com.google.firebase.iid.FirebaseInstanceIdReceiver"
220-->[com.google.firebase:firebase-messaging:24.1.2] AndroidManifest.xml:30:13-78
221            android:exported="true"
221-->[com.google.firebase:firebase-messaging:24.1.2] AndroidManifest.xml:31:13-36
222            android:permission="com.google.android.c2dm.permission.SEND" >
222-->[com.google.firebase:firebase-messaging:24.1.2] AndroidManifest.xml:32:13-73
223            <intent-filter>
223-->[com.google.firebase:firebase-messaging:24.1.2] AndroidManifest.xml:33:13-35:29
224                <action android:name="com.google.android.c2dm.intent.RECEIVE" />
224-->[com.google.firebase:firebase-messaging:24.1.2] AndroidManifest.xml:34:17-81
224-->[com.google.firebase:firebase-messaging:24.1.2] AndroidManifest.xml:34:25-78
225            </intent-filter>
226
227            <meta-data
227-->[com.google.firebase:firebase-messaging:24.1.2] AndroidManifest.xml:37:13-39:40
228                android:name="com.google.android.gms.cloudmessaging.FINISHED_AFTER_HANDLED"
228-->[com.google.firebase:firebase-messaging:24.1.2] AndroidManifest.xml:38:17-92
229                android:value="true" />
229-->[com.google.firebase:firebase-messaging:24.1.2] AndroidManifest.xml:39:17-37
230        </receiver>
231        <!--
232             FirebaseMessagingService performs security checks at runtime,
233             but set to not exported to explicitly avoid allowing another app to call it.
234        -->
235        <service
235-->[com.google.firebase:firebase-messaging:24.1.2] AndroidManifest.xml:46:9-53:19
236            android:name="com.google.firebase.messaging.FirebaseMessagingService"
236-->[com.google.firebase:firebase-messaging:24.1.2] AndroidManifest.xml:47:13-82
237            android:directBootAware="true"
237-->[com.google.firebase:firebase-messaging:24.1.2] AndroidManifest.xml:48:13-43
238            android:exported="false" >
238-->[com.google.firebase:firebase-messaging:24.1.2] AndroidManifest.xml:49:13-37
239            <intent-filter android:priority="-500" >
239-->[com.google.firebase:firebase-messaging:24.1.2] AndroidManifest.xml:50:13-52:29
239-->[com.google.firebase:firebase-messaging:24.1.2] AndroidManifest.xml:50:28-51
240                <action android:name="com.google.firebase.MESSAGING_EVENT" />
240-->src\main\AndroidManifest.xml:132:17-78
240-->src\main\AndroidManifest.xml:132:25-75
241            </intent-filter>
242        </service>
243        <service
243-->[com.google.firebase:firebase-messaging:24.1.2] AndroidManifest.xml:54:9-63:19
244            android:name="com.google.firebase.components.ComponentDiscoveryService"
244-->[com.google.firebase:firebase-messaging:24.1.2] AndroidManifest.xml:55:13-84
245            android:directBootAware="true"
245-->[com.google.firebase:firebase-common:21.0.0] AndroidManifest.xml:32:13-43
246            android:exported="false" >
246-->[com.google.firebase:firebase-messaging:24.1.2] AndroidManifest.xml:56:13-37
247            <meta-data
247-->[com.google.firebase:firebase-messaging:24.1.2] AndroidManifest.xml:57:13-59:85
248                android:name="com.google.firebase.components:com.google.firebase.messaging.FirebaseMessagingKtxRegistrar"
248-->[com.google.firebase:firebase-messaging:24.1.2] AndroidManifest.xml:58:17-122
249                android:value="com.google.firebase.components.ComponentRegistrar" />
249-->[com.google.firebase:firebase-messaging:24.1.2] AndroidManifest.xml:59:17-82
250            <meta-data
250-->[com.google.firebase:firebase-messaging:24.1.2] AndroidManifest.xml:60:13-62:85
251                android:name="com.google.firebase.components:com.google.firebase.messaging.FirebaseMessagingRegistrar"
251-->[com.google.firebase:firebase-messaging:24.1.2] AndroidManifest.xml:61:17-119
252                android:value="com.google.firebase.components.ComponentRegistrar" />
252-->[com.google.firebase:firebase-messaging:24.1.2] AndroidManifest.xml:62:17-82
253            <meta-data
253-->[com.google.firebase:firebase-config:22.1.2] AndroidManifest.xml:29:13-31:85
254                android:name="com.google.firebase.components:com.google.firebase.remoteconfig.FirebaseRemoteConfigKtxRegistrar"
254-->[com.google.firebase:firebase-config:22.1.2] AndroidManifest.xml:30:17-128
255                android:value="com.google.firebase.components.ComponentRegistrar" />
255-->[com.google.firebase:firebase-config:22.1.2] AndroidManifest.xml:31:17-82
256            <meta-data
256-->[com.google.firebase:firebase-config:22.1.2] AndroidManifest.xml:32:13-34:85
257                android:name="com.google.firebase.components:com.google.firebase.remoteconfig.RemoteConfigRegistrar"
257-->[com.google.firebase:firebase-config:22.1.2] AndroidManifest.xml:33:17-117
258                android:value="com.google.firebase.components.ComponentRegistrar" />
258-->[com.google.firebase:firebase-config:22.1.2] AndroidManifest.xml:34:17-82
259            <meta-data
259-->[com.google.firebase:firebase-crashlytics:19.4.4] AndroidManifest.xml:15:13-17:85
260                android:name="com.google.firebase.components:com.google.firebase.crashlytics.FirebaseCrashlyticsKtxRegistrar"
260-->[com.google.firebase:firebase-crashlytics:19.4.4] AndroidManifest.xml:16:17-126
261                android:value="com.google.firebase.components.ComponentRegistrar" />
261-->[com.google.firebase:firebase-crashlytics:19.4.4] AndroidManifest.xml:17:17-82
262            <meta-data
262-->[com.google.firebase:firebase-crashlytics:19.4.4] AndroidManifest.xml:18:13-20:85
263                android:name="com.google.firebase.components:com.google.firebase.crashlytics.CrashlyticsRegistrar"
263-->[com.google.firebase:firebase-crashlytics:19.4.4] AndroidManifest.xml:19:17-115
264                android:value="com.google.firebase.components.ComponentRegistrar" />
264-->[com.google.firebase:firebase-crashlytics:19.4.4] AndroidManifest.xml:20:17-82
265            <meta-data
265-->[com.google.android.gms:play-services-measurement-api:22.5.0] AndroidManifest.xml:33:13-35:85
266                android:name="com.google.firebase.components:com.google.firebase.analytics.connector.internal.AnalyticsConnectorRegistrar"
266-->[com.google.android.gms:play-services-measurement-api:22.5.0] AndroidManifest.xml:34:17-139
267                android:value="com.google.firebase.components.ComponentRegistrar" />
267-->[com.google.android.gms:play-services-measurement-api:22.5.0] AndroidManifest.xml:35:17-82
268            <meta-data
268-->[com.google.firebase:firebase-sessions:2.1.2] AndroidManifest.xml:29:13-31:85
269                android:name="com.google.firebase.components:com.google.firebase.sessions.FirebaseSessionsRegistrar"
269-->[com.google.firebase:firebase-sessions:2.1.2] AndroidManifest.xml:30:17-117
270                android:value="com.google.firebase.components.ComponentRegistrar" />